{
  "stats": {
    "suites": 1,
    "tests": 3,
    "passes": 3,
    "pending": 0,
    "failures": 0,
    "start": "2023-06-14T18:17:04.574Z",
    "end": "2023-06-14T18:17:04.593Z",
    "duration": 19,
    "testsRegistered": 3,
    "passPercent": 100,
    "pendingPercent": 0,
    "other": 0,
    "hasOther": false,
    "skipped": 0,
    "hasSkipped": false
  },
  "results": [
    {
      "uuid": "9060ce2a-b776-4b8b-aff0-6a534d63df8d",
      "title": "",
      "fullFile": "/home/runner/work/musig-banano/musig-banano/typescript_integration/test/musig_aggregated_address.spec.ts",
      "file": "/test/musig_aggregated_address.spec.ts",
      "beforeHooks": [],
      "afterHooks": [],
      "tests": [],
      "suites": [
        {
          "uuid": "d1aec73c-11be-49fd-9b0f-fadb3262220e",
          "title": "musig_aggregated_address",
          "fullFile": "/home/runner/work/musig-banano/musig-banano/typescript_integration/test/musig_aggregated_address.spec.ts",
          "file": "/test/musig_aggregated_address.spec.ts",
          "beforeHooks": [],
          "afterHooks": [],
          "tests": [
            {
              "title": "set_addresses matches get_addresses",
              "fullTitle": "musig_aggregated_address set_addresses matches get_addresses",
              "timedOut": false,
              "duration": 1,
              "state": "passed",
              "speed": "fast",
              "pass": true,
              "fail": false,
              "pending": false,
              "context": null,
              "code": "return __awaiter(_this, void 0, void 0, function () {\n        var two_addresses, three_addresses;\n        return __generator(this, function (_a) {\n            two_addresses = two_account_infos.map(function (account_info) {\n                return account_info.address;\n            });\n            (0, banano_musig_ceremony_1.set_addresses)(two_addresses);\n            expect((0, banano_musig_ceremony_1.get_addresses)()).to.be.equal(two_addresses);\n            three_addresses = three_account_infos.map(function (account_info) {\n                return account_info.address;\n            });\n            (0, banano_musig_ceremony_1.set_addresses)(three_addresses);\n            expect((0, banano_musig_ceremony_1.get_addresses)()).to.be.equal(three_addresses);\n            return [2 /*return*/];\n        });\n    });",
              "err": {},
              "uuid": "9cac42a7-f9a7-4c6f-aa5f-c3bd341cb831",
              "parentUUID": "d1aec73c-11be-49fd-9b0f-fadb3262220e",
              "isHook": false,
              "skipped": false
            },
            {
              "title": "aggregates two addresses",
              "fullTitle": "musig_aggregated_address aggregates two addresses",
              "timedOut": false,
              "duration": 6,
              "state": "passed",
              "speed": "fast",
              "pass": true,
              "fail": false,
              "pending": false,
              "context": null,
              "code": "return __awaiter(_this, void 0, void 0, function () {\n        var two_addresses, aggregate_status, aggregated_address;\n        return __generator(this, function (_a) {\n            two_addresses = two_account_infos.map(function (account_info) {\n                return account_info.address;\n            });\n            (0, banano_musig_ceremony_1.set_addresses)(two_addresses);\n            expect((0, banano_musig_ceremony_1.get_addresses)()).to.be.equal(two_addresses);\n            aggregate_status = (0, banano_musig_ceremony_1.musig_aggregated_address)();\n            if (aggregate_status.status === 'ok') {\n                aggregated_address = aggregate_status.value;\n                expect(aggregated_address).to.be.equal(expected_two_addresses_aggregated);\n            }\n            else {\n                throw Error(aggregate_status.message);\n            }\n            return [2 /*return*/];\n        });\n    });",
              "err": {},
              "uuid": "94aae439-4160-4c2b-a723-f05b55036edf",
              "parentUUID": "d1aec73c-11be-49fd-9b0f-fadb3262220e",
              "isHook": false,
              "skipped": false
            },
            {
              "title": "aggregates three addresses",
              "fullTitle": "musig_aggregated_address aggregates three addresses",
              "timedOut": false,
              "duration": 3,
              "state": "passed",
              "speed": "fast",
              "pass": true,
              "fail": false,
              "pending": false,
              "context": null,
              "code": "return __awaiter(_this, void 0, void 0, function () {\n        var three_addresses, aggregate_status, aggregated_address;\n        return __generator(this, function (_a) {\n            three_addresses = three_account_infos.map(function (account_info) {\n                return account_info.address;\n            });\n            (0, banano_musig_ceremony_1.set_addresses)(three_addresses);\n            expect((0, banano_musig_ceremony_1.get_addresses)()).to.be.equal(three_addresses);\n            aggregate_status = (0, banano_musig_ceremony_1.musig_aggregated_address)();\n            if (aggregate_status.status === 'ok') {\n                aggregated_address = aggregate_status.value;\n                expect(aggregated_address).to.be.equal(expected_three_addresses_aggregated);\n            }\n            else {\n                throw Error(aggregate_status.message);\n            }\n            return [2 /*return*/];\n        });\n    });",
              "err": {},
              "uuid": "8aadecf8-4f9c-4900-861c-1fe55185922e",
              "parentUUID": "d1aec73c-11be-49fd-9b0f-fadb3262220e",
              "isHook": false,
              "skipped": false
            }
          ],
          "suites": [],
          "passes": [
            "9cac42a7-f9a7-4c6f-aa5f-c3bd341cb831",
            "94aae439-4160-4c2b-a723-f05b55036edf",
            "8aadecf8-4f9c-4900-861c-1fe55185922e"
          ],
          "failures": [],
          "pending": [],
          "skipped": [],
          "duration": 10,
          "root": false,
          "rootEmpty": false,
          "_timeout": 20000
        }
      ],
      "passes": [],
      "failures": [],
      "pending": [],
      "skipped": [],
      "duration": 0,
      "root": true,
      "rootEmpty": true,
      "_timeout": 2000
    }
  ],
  "meta": {
    "mocha": {
      "version": "10.2.0"
    },
    "mochawesome": {
      "options": {
        "quiet": false,
        "reportFilename": "mochawesome",
        "saveHtml": true,
        "saveJson": true,
        "consoleReporter": "spec",
        "useInlineDiffs": false,
        "code": true
      },
      "version": "7.1.3"
    },
    "marge": {
      "options": null,
      "version": "6.2.0"
    }
  }
}